<?xml version="1.0" encoding="UTF-8"?>
<!-- Generated by org.testng.reporters.JUnitXMLReporter -->
<testsuite hostname="Mariya-Asus" name="Default test" tests="3" failures="0" timestamp="1 Feb 2017 06:31:04 GMT" time="1.584" errors="0">
  <testcase name="negativeTest" time="0.856" classname="com.test.automation.searchapi.SearchTermTest"/>
  <testcase name="negativeTest" time="0.417" classname="com.test.automation.searchapi.SearchTermTest"/>
  <testcase name="positiveTest" time="0.275" classname="com.test.automation.searchapi.SearchTermTest"/>
</testsuite> <!-- Default test -->
