<?xml version="1.0" encoding="UTF-8"?>
<testng-results skipped="0" failed="0" total="3" passed="3">
  <reporter-output>
  </reporter-output>
  <suite name="Default suite" duration-ms="1584" started-at="2017-02-01T06:31:02Z" finished-at="2017-02-01T06:31:04Z">
    <groups>
    </groups>
    <test name="Default test" duration-ms="1584" started-at="2017-02-01T06:31:02Z" finished-at="2017-02-01T06:31:04Z">
      <class name="com.test.automation.searchapi.SearchTermTest">
        <test-method status="PASS" signature="beforeSuite()[pri:0, instance:com.test.automation.searchapi.SearchTermTest@b4dadde]" name="beforeSuite" is-config="true" duration-ms="13" started-at="2017-01-31T22:31:02Z" finished-at="2017-01-31T22:31:02Z">
          <reporter-output>
          </reporter-output>
        </test-method> <!-- beforeSuite -->
        <test-method status="PASS" signature="beforeTest()[pri:0, instance:com.test.automation.searchapi.SearchTermTest@b4dadde]" name="beforeTest" is-config="true" duration-ms="0" started-at="2017-01-31T22:31:02Z" finished-at="2017-01-31T22:31:02Z">
          <reporter-output>
          </reporter-output>
        </test-method> <!-- beforeTest -->
        <test-method status="PASS" signature="beforeClass()[pri:0, instance:com.test.automation.searchapi.SearchTermTest@b4dadde]" name="beforeClass" is-config="true" duration-ms="1" started-at="2017-01-31T22:31:02Z" finished-at="2017-01-31T22:31:02Z">
          <reporter-output>
          </reporter-output>
        </test-method> <!-- beforeClass -->
        <test-method status="PASS" signature="beforeMethod()[pri:0, instance:com.test.automation.searchapi.SearchTermTest@b4dadde]" name="beforeMethod" is-config="true" duration-ms="1" started-at="2017-01-31T22:31:02Z" finished-at="2017-01-31T22:31:02Z">
          <reporter-output>
          </reporter-output>
        </test-method> <!-- beforeMethod -->
        <test-method status="PASS" signature="negativeTest(com.test.automation.searchapi.SearchParams)[pri:0, instance:com.test.automation.searchapi.SearchTermTest@b4dadde]" name="negativeTest" duration-ms="856" started-at="2017-01-31T22:31:02Z" data-provider="negativeTest" finished-at="2017-01-31T22:31:03Z">
          <params>
            <param index="0">
              <value>
                <![CDATA[term]]>
              </value>
            </param>
          </params>
          <reporter-output>
          </reporter-output>
        </test-method> <!-- negativeTest -->
        <test-method status="PASS" signature="afterMethod()[pri:0, instance:com.test.automation.searchapi.SearchTermTest@b4dadde]" name="afterMethod" is-config="true" duration-ms="0" started-at="2017-01-31T22:31:03Z" finished-at="2017-01-31T22:31:03Z">
          <reporter-output>
          </reporter-output>
        </test-method> <!-- afterMethod -->
        <test-method status="PASS" signature="beforeMethod()[pri:0, instance:com.test.automation.searchapi.SearchTermTest@b4dadde]" name="beforeMethod" is-config="true" duration-ms="1" started-at="2017-01-31T22:31:03Z" finished-at="2017-01-31T22:31:03Z">
          <reporter-output>
          </reporter-output>
        </test-method> <!-- beforeMethod -->
        <test-method status="PASS" signature="negativeTest(com.test.automation.searchapi.SearchParams)[pri:0, instance:com.test.automation.searchapi.SearchTermTest@b4dadde]" name="negativeTest" duration-ms="417" started-at="2017-01-31T22:31:03Z" data-provider="negativeTest" finished-at="2017-01-31T22:31:03Z">
          <params>
            <param index="0">
              <value>
                <![CDATA[term=@@48hjjjww]]>
              </value>
            </param>
          </params>
          <reporter-output>
          </reporter-output>
        </test-method> <!-- negativeTest -->
        <test-method status="PASS" signature="afterMethod()[pri:0, instance:com.test.automation.searchapi.SearchTermTest@b4dadde]" name="afterMethod" is-config="true" duration-ms="1" started-at="2017-01-31T22:31:03Z" finished-at="2017-01-31T22:31:03Z">
          <reporter-output>
          </reporter-output>
        </test-method> <!-- afterMethod -->
        <test-method status="PASS" signature="beforeMethod()[pri:0, instance:com.test.automation.searchapi.SearchTermTest@b4dadde]" name="beforeMethod" is-config="true" duration-ms="0" started-at="2017-01-31T22:31:03Z" finished-at="2017-01-31T22:31:03Z">
          <reporter-output>
          </reporter-output>
        </test-method> <!-- beforeMethod -->
        <test-method status="PASS" signature="positiveTest(com.test.automation.searchapi.SearchParams)[pri:0, instance:com.test.automation.searchapi.SearchTermTest@b4dadde]" name="positiveTest" duration-ms="275" started-at="2017-01-31T22:31:03Z" data-provider="postiveTest" finished-at="2017-01-31T22:31:04Z">
          <params>
            <param index="0">
              <value>
                <![CDATA[term=zootopia]]>
              </value>
            </param>
          </params>
          <reporter-output>
          </reporter-output>
        </test-method> <!-- positiveTest -->
        <test-method status="PASS" signature="afterMethod()[pri:0, instance:com.test.automation.searchapi.SearchTermTest@b4dadde]" name="afterMethod" is-config="true" duration-ms="10" started-at="2017-01-31T22:31:04Z" finished-at="2017-01-31T22:31:04Z">
          <reporter-output>
          </reporter-output>
        </test-method> <!-- afterMethod -->
        <test-method status="PASS" signature="afterClass()[pri:0, instance:com.test.automation.searchapi.SearchTermTest@b4dadde]" name="afterClass" is-config="true" duration-ms="0" started-at="2017-01-31T22:31:04Z" finished-at="2017-01-31T22:31:04Z">
          <reporter-output>
          </reporter-output>
        </test-method> <!-- afterClass -->
        <test-method status="PASS" signature="afterTest()[pri:0, instance:com.test.automation.searchapi.SearchTermTest@b4dadde]" name="afterTest" is-config="true" duration-ms="0" started-at="2017-01-31T22:31:04Z" finished-at="2017-01-31T22:31:04Z">
          <reporter-output>
          </reporter-output>
        </test-method> <!-- afterTest -->
        <test-method status="PASS" signature="afterSuite()[pri:0, instance:com.test.automation.searchapi.SearchTermTest@b4dadde]" name="afterSuite" is-config="true" duration-ms="0" started-at="2017-01-31T22:31:04Z" finished-at="2017-01-31T22:31:04Z">
          <reporter-output>
          </reporter-output>
        </test-method> <!-- afterSuite -->
      </class> <!-- com.test.automation.searchapi.SearchTermTest -->
    </test> <!-- Default test -->
  </suite> <!-- Default suite -->
</testng-results>
